2024-10-01 10:20:28,422 - custom_utils - INFO - Loading data ...
2024-10-01 10:20:28,870 - custom_utils - INFO - Raw data          date   ret_eom  permno  shrcd  exchcd   mspread  year  month  ... corr_1260d  betabab_1260d  rmax5_rvol_21d  age       qmj  qmj_prof  qmj_growth  qmj_safety
0  2000-01-31  20000131   10078     11       3  0.017178  2000      1  ...   0.504688       1.581540        1.373224  180  1.700939  1.711756    1.476410    1.087626
1  2000-01-31  20000131   10104     11       3  0.019720  2000      1  ...   0.473872       1.941648        2.058353  180  0.828930  1.717670   -0.603531    0.608215
2  2000-01-31  20000131   10107     11       3  0.011369  2000      1  ...   0.563178       1.228124        1.899772  180  1.190962  1.682187   -0.583515    1.336684
3  2000-01-31  20000131   10108     11       1  0.010600  2000      1  ...   0.327841       0.952188        1.187073  180  1.332815  1.453165    0.210170    1.130917
4  2000-01-31  20000131   10119     11       1  0.003485  2000      1  ...   0.289368       0.457370        0.715285  228  0.785417 -0.381167    1.689625    0.331900
5  2000-01-31  20000131   10126     11       1  0.008690  2000      1  ...   0.369531       0.485083        1.294010  216  0.541742  0.315578   -0.323305    1.227120
6  2000-01-31  20000131   10137     11       1  0.007429  2000      1  ...   0.255220       0.295642        0.996607  888  0.639212  0.149994    0.719276    0.509340
7  2000-01-31  20000131   10138     11       3  0.016904  2000      1  ...   0.543539       1.523013        1.222404  180  1.668739  1.579503    1.168335    1.312634
8  2000-01-31  20000131   10145     11       1  0.008796  2000      1  ...   0.533192       1.091895        1.191058  888  1.431156  1.038128    1.163113    0.814517
9  2000-01-31  20000131   10147     11       1  0.014263  2000      1  ...   0.537630       1.586666        1.380360  180  1.459004  1.574665    0.593088    0.924081
10 2000-01-31  20000131   10182     11       3  0.020757  2000      1  ...   0.287040       1.334752        1.404321  168 -0.689687 -1.009097   -0.023932    0.065739
11 2000-01-31  20000131   10225     11       1  0.011421  2000      1  ...   0.413339       0.724651        0.824453  888 -0.741033  0.337620   -0.843725   -0.569734
12 2000-01-31  20000131   10272     11       3  0.020236  2000      1  ...   0.280178       1.430841        1.604459  180  0.500839  1.163392    0.787157   -0.810241
13 2000-01-31  20000131   10299     11       3  0.021945  2000      1  ...   0.503261       1.908766        1.232601  180  1.391123  1.664446   -0.067446    1.317444
14 2000-01-31  20000131   10302     11       1  0.016113  2000      1  ...   0.349355       1.368937        1.545759  180 -0.556536  1.066084   -1.016038   -0.758933
15 2000-01-31  20000131   10324     11       3  0.014649  2000      1  ...   0.389069       1.426840        2.008119  168       NaN  1.005872         NaN   -0.016568
16 2000-01-31  20000131   10342     11       3  0.004685  2000      1  ...        NaN            NaN             NaN  312  1.045627  1.557461    0.828060   -0.220732
17 2000-01-31  20000131   10353     11       3  0.018446  2000      1  ...   0.388135       1.474835        0.914650  168  0.244110  1.587030   -0.506061   -0.366640
18 2000-01-31  20000131   10375     11       1  0.008790  2000      1  ...   0.572317       0.871686        1.211388  168  0.506931  0.746205    0.769752   -0.364502
19 2000-01-31  20000131   10401     11       1  0.009081  2000      1  ...   0.384850       0.894463        0.589011  888 -0.257164  0.567180   -0.831541    0.099410

[20 rows x 165 columns]
2024-10-01 10:20:29,437 - custom_utils - INFO - Data          date   ret_eom  permno  shrcd  exchcd   mspread  year  month  ... corr_1260d  betabab_1260d  rmax5_rvol_21d       age       qmj  qmj_prof  qmj_growth  qmj_safety
0  2000-01-31  20000131   10078     11       3  0.017178  2000      1  ...   0.504688       1.581540        1.373224 -0.426200  1.700939  1.711756    1.476410    1.087626
1  2000-01-31  20000131   10104     11       3  0.019720  2000      1  ...   0.473872       1.941648        2.058353 -0.426200  0.828930  1.717670   -0.603531    0.608215
2  2000-01-31  20000131   10107     11       3  0.011369  2000      1  ...   0.563178       1.228124        1.899772 -0.426200  1.190962  1.682187   -0.583515    1.336684
3  2000-01-31  20000131   10108     11       1  0.010600  2000      1  ...   0.327841       0.952188        1.187073 -0.426200  1.332815  1.453165    0.210170    1.130917
4  2000-01-31  20000131   10119     11       1  0.003485  2000      1  ...   0.289368       0.457370        0.715285  0.576624  0.785417 -0.381167    1.689625    0.331900
5  2000-01-31  20000131   10126     11       1  0.008690  2000      1  ...   0.369531       0.485083        1.294010  0.075212  0.541742  0.315578   -0.323305    1.227120
6  2000-01-31  20000131   10137     11       1  0.007429  2000      1  ...   0.255220       0.295642        0.996607  1.579448  0.639212  0.149994    0.719276    0.509340
7  2000-01-31  20000131   10138     11       3  0.016904  2000      1  ...   0.543539       1.523013        1.222404 -0.426200  1.668739  1.579503    1.168335    1.312634
8  2000-01-31  20000131   10145     11       1  0.008796  2000      1  ...   0.533192       1.091895        1.191058  1.579448  1.431156  1.038128    1.163113    0.814517
9  2000-01-31  20000131   10147     11       1  0.014263  2000      1  ...   0.537630       1.586666        1.380360 -0.426200  1.459004  1.574665    0.593088    0.924081
10 2000-01-31  20000131   10182     11       3  0.020757  2000      1  ...   0.287040       1.334752        1.404321 -0.927613 -0.689687 -1.009097   -0.023932    0.065739
11 2000-01-31  20000131   10225     11       1  0.011421  2000      1  ...   0.413339       0.724651        0.824453  1.579448 -0.741033  0.337620   -0.843725   -0.569734
12 2000-01-31  20000131   10272     11       3  0.020236  2000      1  ...   0.280178       1.430841        1.604459 -0.426200  0.500839  1.163392    0.787157   -0.810241
13 2000-01-31  20000131   10299     11       3  0.021945  2000      1  ...   0.503261       1.908766        1.232601 -0.426200  1.391123  1.664446   -0.067446    1.317444
14 2000-01-31  20000131   10302     11       1  0.016113  2000      1  ...   0.349355       1.368937        1.545759 -0.426200 -0.556536  1.066084   -1.016038   -0.758933
15 2000-01-31  20000131   10324     11       3  0.014649  2000      1  ...   0.389069       1.426840        2.008119 -0.927613       NaN  1.005872         NaN   -0.016568
16 2000-01-31  20000131   10342     11       3  0.004685  2000      1  ...        NaN            NaN             NaN  1.078036  1.045627  1.557461    0.828060   -0.220732
17 2000-01-31  20000131   10353     11       3  0.018446  2000      1  ...   0.388135       1.474835        0.914650 -0.927613  0.244110  1.587030   -0.506061   -0.366640
18 2000-01-31  20000131   10375     11       1  0.008790  2000      1  ...   0.572317       0.871686        1.211388 -0.927613  0.506931  0.746205    0.769752   -0.364502
19 2000-01-31  20000131   10401     11       1  0.009081  2000      1  ...   0.384850       0.894463        0.589011  1.579448 -0.257164  0.567180   -0.831541    0.099410
20 2000-01-31  20000131   10410     11       3  0.015156  2000      1  ...   0.282320       0.758349        1.438789 -0.426200  1.623485  1.391877    0.909865    1.468162
21 2000-01-31  20000131   10516     11       1  0.007508  2000      1  ...   0.297817       0.549221        1.690902  1.579448 -0.400758 -0.322029   -0.440791    0.342589
22 2000-01-31  20000131   10545     11       2  0.012244  2000      1  ...   0.432705       0.994583        1.100803 -0.426200 -0.573942  0.453744   -0.616585   -0.573476
23 2000-01-31  20000131   10562     11       3  0.013653  2000      1  ...   0.396412       1.039233        1.017632 -0.927613 -1.032573 -0.569331   -0.314602   -0.947598
24 2000-01-31  20000131   10564     11       3  0.007605  2000      1  ...   0.254644       0.713586        1.126112 -0.927613 -1.204886 -0.397295   -0.359856   -1.512522
25 2000-01-31  20000131   10594     11       1  0.009311  2000      1  ...   0.589767       1.153799        0.574450 -0.927613  0.180581  0.436003    0.786287   -0.583096
26 2000-01-31  20000131   10604     11       1  0.010284  2000      1  ...   0.308556       0.580258        1.116448  1.579448 -0.385964 -0.067201   -0.358986    0.025654
27 2000-01-31  20000131   10691     11       3  0.016369  2000      1  ...   0.427305       1.833639        1.224319 -0.426200 -0.394667  1.009635   -1.206627   -0.213784
28 2000-01-31  20000131   10693     11       1  0.017116  2000      1  ...   0.392889       1.443995        1.128383 -0.426200 -0.096165  0.208056    0.836763   -0.903772
29 2000-01-31  20000131   10696     11       3  0.018954  2000      1  ...   0.428091       1.340728        0.876871 -0.426200 -0.467769 -0.406972    0.450364   -0.592182
30 2000-01-31  20000131   10725     11       1  0.013611  2000      1  ...   0.561036       1.202577        1.041720 -1.429025 -0.654877  0.222571   -0.062224   -1.063575
31 2000-01-31  20000131   10786     11       1  0.012334  2000      1  ...   0.324877       1.012927        1.778027  1.579448 -0.873314 -1.026301    0.378131   -0.743968
32 2000-01-31  20000131   10791     11       1  0.013501  2000      1  ...   0.313793       1.397015        1.461908 -0.927613 -0.761049  0.605888   -1.388513   -0.330296
33 2000-01-31  20000131   10874     11       1  0.008732  2000      1  ...   0.374963       0.860997        1.488418  1.579448  0.577423  1.014473    0.073538    0.195612
34 2000-01-31  20000131   10890     11       1  0.014211  2000      1  ...   0.405330       1.405954        1.329397  1.579448  0.688817  1.284355    1.008205   -0.814517
35 2000-01-31  20000131   10906     11       3  0.006490  2000      1  ...   0.480426       0.864948        0.789318 -0.927613  0.396407  0.330094    0.885498   -0.238904
36 2000-01-31  20000131   10932     11       3  0.006392  2000      1  ...   0.461843       0.800492        1.434604 -0.927613 -0.125754  0.049460    0.226705   -0.196681
37 2000-01-31  20000131   10933     11       1  0.005062  2000      1  ...   0.275832       0.302544        1.974692 -0.426200 -0.091813 -0.897274   -0.041338    1.090298
38 2000-01-31  20000131   10942     11       3  0.015793  2000      1  ...   0.488068       1.519845        1.672588 -0.426200       NaN  1.515528         NaN   -0.850860
39 2000-01-31  20000131   10989     11       1  0.010423  2000      1  ...   0.312205       0.548388        0.742028  1.579448  1.327594  1.557999    1.373718   -0.146977

[40 rows x 165 columns]
Empty DataFrame
Columns: [date, ret_eom, permno, shrcd, exchcd, mspread, year, month, size_port, rf, stock_exret, stock_ticker, cusip, comp_name, eps_medest, eps_meanest, eps_stdevest, eps_actual, prc, market_equity, div12m_me, chcsho_12m, eqnpo_12m, ret_1_0, ret_3_1, ret_6_1, ret_9_1, ret_12_1, ret_12_7, ret_60_12, seas_1_1an, seas_1_1na, seas_2_5an, seas_2_5na, at_gr1, sale_gr1, capx_gr1, inv_gr1, debt_gr3, sale_gr3, capx_gr3, inv_gr1a, lti_gr1a, sti_gr1a, coa_gr1a, col_gr1a, cowc_gr1a, ncoa_gr1a, ncol_gr1a, nncoa_gr1a, fnl_gr1a, nfna_gr1a, tax_gr1a, be_gr1a, ebit_sale, gp_at, cop_at, ope_be, ni_be, ebit_bev, netis_at, eqnetis_at, dbnetis_at, oaccruals_at, oaccruals_ni, taccruals_at, taccruals_ni, noa_at, opex_at, at_turnover, sale_bev, rd_sale, cash_at, sale_emp_gr1, emp_gr1, ni_inc8q, noa_gr1a, ppeinv_gr1a, lnoa_gr1a, capx_gr2, saleq_gr1, niq_be, niq_at, niq_be_chg1, niq_at_chg1, rd5_at, dsale_dinv, dsale_drec, dgp_dsale, dsale_dsga, saleq_su, niq_su, capex_abn, op_atl1, gp_atl1, ope_bel1, cop_atl1, pi_nix, ocf_at, op_at, ...]
Index: []
Empty DataFrame
Columns: [date, ret_eom, permno, shrcd, exchcd, mspread, year, month, size_port, rf, stock_exret, stock_ticker, cusip, comp_name, eps_medest, eps_meanest, eps_stdevest, eps_actual, prc, market_equity, div12m_me, chcsho_12m, eqnpo_12m, ret_1_0, ret_3_1, ret_6_1, ret_9_1, ret_12_1, ret_12_7, ret_60_12, seas_1_1an, seas_1_1na, seas_2_5an, seas_2_5na, at_gr1, sale_gr1, capx_gr1, inv_gr1, debt_gr3, sale_gr3, capx_gr3, inv_gr1a, lti_gr1a, sti_gr1a, coa_gr1a, col_gr1a, cowc_gr1a, ncoa_gr1a, ncol_gr1a, nncoa_gr1a, fnl_gr1a, nfna_gr1a, tax_gr1a, be_gr1a, ebit_sale, gp_at, cop_at, ope_be, ni_be, ebit_bev, netis_at, eqnetis_at, dbnetis_at, oaccruals_at, oaccruals_ni, taccruals_at, taccruals_ni, noa_at, opex_at, at_turnover, sale_bev, rd_sale, cash_at, sale_emp_gr1, emp_gr1, ni_inc8q, noa_gr1a, ppeinv_gr1a, lnoa_gr1a, capx_gr2, saleq_gr1, niq_be, niq_at, niq_be_chg1, niq_at_chg1, rd5_at, dsale_dinv, dsale_drec, dgp_dsale, dsale_dsga, saleq_su, niq_su, capex_abn, op_atl1, gp_atl1, ope_bel1, cop_atl1, pi_nix, ocf_at, op_at, ...]
Index: []
2024-10-01 10:21:31,667 - custom_utils - INFO - Loading data ...
2024-10-01 10:21:40,433 - custom_utils - INFO - Loading data ...
2024-10-01 10:21:48,494 - custom_utils - INFO - Loading data ...
2024-10-01 10:22:15,607 - custom_utils - INFO - Loading data ...
2024-10-01 10:22:15,987 - custom_utils - INFO - Raw data          date   ret_eom  permno  shrcd  exchcd   mspread  year  month  ... corr_1260d  betabab_1260d  rmax5_rvol_21d  age       qmj  qmj_prof  qmj_growth  qmj_safety
0  2000-01-31  20000131   10078     11       3  0.017178  2000      1  ...   0.504688       1.581540        1.373224  180  1.700939  1.711756    1.476410    1.087626
1  2000-01-31  20000131   10104     11       3  0.019720  2000      1  ...   0.473872       1.941648        2.058353  180  0.828930  1.717670   -0.603531    0.608215
2  2000-01-31  20000131   10107     11       3  0.011369  2000      1  ...   0.563178       1.228124        1.899772  180  1.190962  1.682187   -0.583515    1.336684
3  2000-01-31  20000131   10108     11       1  0.010600  2000      1  ...   0.327841       0.952188        1.187073  180  1.332815  1.453165    0.210170    1.130917
4  2000-01-31  20000131   10119     11       1  0.003485  2000      1  ...   0.289368       0.457370        0.715285  228  0.785417 -0.381167    1.689625    0.331900
5  2000-01-31  20000131   10126     11       1  0.008690  2000      1  ...   0.369531       0.485083        1.294010  216  0.541742  0.315578   -0.323305    1.227120
6  2000-01-31  20000131   10137     11       1  0.007429  2000      1  ...   0.255220       0.295642        0.996607  888  0.639212  0.149994    0.719276    0.509340
7  2000-01-31  20000131   10138     11       3  0.016904  2000      1  ...   0.543539       1.523013        1.222404  180  1.668739  1.579503    1.168335    1.312634
8  2000-01-31  20000131   10145     11       1  0.008796  2000      1  ...   0.533192       1.091895        1.191058  888  1.431156  1.038128    1.163113    0.814517
9  2000-01-31  20000131   10147     11       1  0.014263  2000      1  ...   0.537630       1.586666        1.380360  180  1.459004  1.574665    0.593088    0.924081
10 2000-01-31  20000131   10182     11       3  0.020757  2000      1  ...   0.287040       1.334752        1.404321  168 -0.689687 -1.009097   -0.023932    0.065739
11 2000-01-31  20000131   10225     11       1  0.011421  2000      1  ...   0.413339       0.724651        0.824453  888 -0.741033  0.337620   -0.843725   -0.569734
12 2000-01-31  20000131   10272     11       3  0.020236  2000      1  ...   0.280178       1.430841        1.604459  180  0.500839  1.163392    0.787157   -0.810241
13 2000-01-31  20000131   10299     11       3  0.021945  2000      1  ...   0.503261       1.908766        1.232601  180  1.391123  1.664446   -0.067446    1.317444
14 2000-01-31  20000131   10302     11       1  0.016113  2000      1  ...   0.349355       1.368937        1.545759  180 -0.556536  1.066084   -1.016038   -0.758933
15 2000-01-31  20000131   10324     11       3  0.014649  2000      1  ...   0.389069       1.426840        2.008119  168       NaN  1.005872         NaN   -0.016568
16 2000-01-31  20000131   10342     11       3  0.004685  2000      1  ...        NaN            NaN             NaN  312  1.045627  1.557461    0.828060   -0.220732
17 2000-01-31  20000131   10353     11       3  0.018446  2000      1  ...   0.388135       1.474835        0.914650  168  0.244110  1.587030   -0.506061   -0.366640
18 2000-01-31  20000131   10375     11       1  0.008790  2000      1  ...   0.572317       0.871686        1.211388  168  0.506931  0.746205    0.769752   -0.364502
19 2000-01-31  20000131   10401     11       1  0.009081  2000      1  ...   0.384850       0.894463        0.589011  888 -0.257164  0.567180   -0.831541    0.099410

[20 rows x 165 columns]
2024-10-01 10:22:16,281 - custom_utils - INFO - Data          date   ret_eom  permno  shrcd  exchcd   mspread  year  month  ... corr_1260d  betabab_1260d  rmax5_rvol_21d       age       qmj  qmj_prof  qmj_growth  qmj_safety
0  2000-01-31  20000131   10078     11       3  0.017178  2000      1  ...   0.504688   1.349764e+00        1.373224 -0.426200  1.700939  1.711756    1.476410    1.087626
1  2000-01-31  20000131   10104     11       3  0.019720  2000      1  ...   0.473872   1.709701e+00        2.058353 -0.426200  0.828930  1.717670   -0.603531    0.608215
2  2000-01-31  20000131   10107     11       3  0.011369  2000      1  ...   0.563178   2.699528e-01        1.899772 -0.426200  1.190962  1.682187   -0.583515    1.336684
3  2000-01-31  20000131   10108     11       1  0.010600  2000      1  ...   0.327841  -3.599370e-01        1.187073 -0.426200  1.332815  1.453165    0.210170    1.130917
4  2000-01-31  20000131   10119     11       1  0.003485  2000      1  ...   0.289368  -1.529732e+00        0.715285  0.576624  0.785417 -0.381167    1.689625    0.331900
5  2000-01-31  20000131   10126     11       1  0.008690  2000      1  ...   0.369531  -1.439748e+00        1.294010  0.075212  0.541742  0.315578   -0.323305    1.227120
6  2000-01-31  20000131   10137     11       1  0.007429  2000      1  ...   0.255220  -1.709701e+00        0.996607  1.579448  0.639212  0.149994    0.719276    0.509340
7  2000-01-31  20000131   10138     11       3  0.016904  2000      1  ...   0.543539   1.259780e+00        1.222404 -0.426200  1.668739  1.579503    1.168335    1.312634
8  2000-01-31  20000131   10145     11       1  0.008796  2000      1  ...   0.533192   9.490746e-18        1.191058  1.579448  1.431156  1.038128    1.163113    0.814517
9  2000-01-31  20000131   10147     11       1  0.014263  2000      1  ...   0.537630   1.439748e+00        1.380360 -0.426200  1.459004  1.574665    0.593088    0.924081
10 2000-01-31  20000131   10182     11       3  0.020757  2000      1  ...   0.287040   3.599370e-01        1.404321 -0.927613 -0.689687 -1.009097   -0.023932    0.065739
11 2000-01-31  20000131   10225     11       1  0.011421  2000      1  ...   0.413339  -9.898268e-01        0.824453  1.579448 -0.741033  0.337620   -0.843725   -0.569734
12 2000-01-31  20000131   10272     11       3  0.020236  2000      1  ...   0.280178   8.998425e-01        1.604459 -0.426200  0.500839  1.163392    0.787157   -0.810241
13 2000-01-31  20000131   10299     11       3  0.021945  2000      1  ...   0.503261   1.619717e+00        1.232601 -0.426200  1.391123  1.664446   -0.067446    1.317444
14 2000-01-31  20000131   10302     11       1  0.016113  2000      1  ...   0.349355   5.399055e-01        1.545759 -0.426200 -0.556536  1.066084   -1.016038   -0.758933
15 2000-01-31  20000131   10324     11       3  0.014649  2000      1  ...   0.389069   8.098583e-01        2.008119 -0.927613       NaN  1.005872         NaN   -0.016568
16 2000-01-31  20000131   10342     11       3  0.004685  2000      1  ...        NaN   9.490746e-18             NaN  1.078036  1.045627  1.557461    0.828060   -0.220732
17 2000-01-31  20000131   10353     11       3  0.018446  2000      1  ...   0.388135   1.079811e+00        0.914650 -0.927613  0.244110  1.587030   -0.506061   -0.366640
18 2000-01-31  20000131   10375     11       1  0.008790  2000      1  ...   0.572317  -5.399055e-01        1.211388 -0.927613  0.506931  0.746205    0.769752   -0.364502
19 2000-01-31  20000131   10401     11       1  0.009081  2000      1  ...   0.384850  -4.499213e-01        0.589011  1.579448 -0.257164  0.567180   -0.831541    0.099410
20 2000-01-31  20000131   10410     11       3  0.015156  2000      1  ...   0.282320  -8.998425e-01        1.438789 -0.426200  1.623485  1.391877    0.909865    1.468162
21 2000-01-31  20000131   10516     11       1  0.007508  2000      1  ...   0.297817  -1.259780e+00        1.690902  1.579448 -0.400758 -0.322029   -0.440791    0.342589
22 2000-01-31  20000131   10545     11       2  0.012244  2000      1  ...   0.432705  -2.699528e-01        1.100803 -0.426200 -0.573942  0.453744   -0.616585   -0.573476
23 2000-01-31  20000131   10562     11       3  0.013653  2000      1  ...   0.396412  -8.998425e-02        1.017632 -0.927613 -1.032573 -0.569331   -0.314602   -0.947598
24 2000-01-31  20000131   10564     11       3  0.007605  2000      1  ...   0.254644  -1.079811e+00        1.126112 -0.927613 -1.204886 -0.397295   -0.359856   -1.512522
25 2000-01-31  20000131   10594     11       1  0.009311  2000      1  ...   0.589767   8.998425e-02        0.574450 -0.927613  0.180581  0.436003    0.786287   -0.583096
26 2000-01-31  20000131   10604     11       1  0.010284  2000      1  ...   0.308556  -1.169795e+00        1.116448  1.579448 -0.385964 -0.067201   -0.358986    0.025654
27 2000-01-31  20000131   10691     11       3  0.016369  2000      1  ...   0.427305   1.529732e+00        1.224319 -0.426200 -0.394667  1.009635   -1.206627   -0.213784
28 2000-01-31  20000131   10693     11       1  0.017116  2000      1  ...   0.392889   9.898268e-01        1.128383 -0.426200 -0.096165  0.208056    0.836763   -0.903772
29 2000-01-31  20000131   10696     11       3  0.018954  2000      1  ...   0.428091   4.499213e-01        0.876871 -0.426200 -0.467769 -0.406972    0.450364   -0.592182
30 2000-01-31  20000131   10725     11       1  0.013611  2000      1  ...   0.561036   1.799685e-01        1.041720 -1.429025 -0.654877  0.222571   -0.062224   -1.063575
31 2000-01-31  20000131   10786     11       1  0.012334  2000      1  ...   0.324877  -1.799685e-01        1.778027  1.579448 -0.873314 -1.026301    0.378131   -0.743968
32 2000-01-31  20000131   10791     11       1  0.013501  2000      1  ...   0.313793   6.298898e-01        1.461908 -0.927613 -0.761049  0.605888   -1.388513   -0.330296
33 2000-01-31  20000131   10874     11       1  0.008732  2000      1  ...   0.374963  -7.198740e-01        1.488418  1.579448  0.577423  1.014473    0.073538    0.195612
34 2000-01-31  20000131   10890     11       1  0.014211  2000      1  ...   0.405330   7.198740e-01        1.329397  1.579448  0.688817  1.284355    1.008205   -0.814517
35 2000-01-31  20000131   10906     11       3  0.006490  2000      1  ...   0.480426  -6.298898e-01        0.789318 -0.927613  0.396407  0.330094    0.885498   -0.238904
36 2000-01-31  20000131   10932     11       3  0.006392  2000      1  ...   0.461843  -8.098583e-01        1.434604 -0.927613 -0.125754  0.049460    0.226705   -0.196681
37 2000-01-31  20000131   10933     11       1  0.005062  2000      1  ...   0.275832  -1.619717e+00        1.974692 -0.426200 -0.091813 -0.897274   -0.041338    1.090298
38 2000-01-31  20000131   10942     11       3  0.015793  2000      1  ...   0.488068   1.169795e+00        1.672588 -0.426200       NaN  1.515528         NaN   -0.850860
39 2000-01-31  20000131   10989     11       1  0.010423  2000      1  ...   0.312205  -1.349764e+00        0.742028  1.579448  1.327594  1.557999    1.373718   -0.146977

[40 rows x 165 columns]
Empty DataFrame
Columns: [date, ret_eom, permno, shrcd, exchcd, mspread, year, month, size_port, rf, stock_exret, stock_ticker, cusip, comp_name, eps_medest, eps_meanest, eps_stdevest, eps_actual, prc, market_equity, div12m_me, chcsho_12m, eqnpo_12m, ret_1_0, ret_3_1, ret_6_1, ret_9_1, ret_12_1, ret_12_7, ret_60_12, seas_1_1an, seas_1_1na, seas_2_5an, seas_2_5na, at_gr1, sale_gr1, capx_gr1, inv_gr1, debt_gr3, sale_gr3, capx_gr3, inv_gr1a, lti_gr1a, sti_gr1a, coa_gr1a, col_gr1a, cowc_gr1a, ncoa_gr1a, ncol_gr1a, nncoa_gr1a, fnl_gr1a, nfna_gr1a, tax_gr1a, be_gr1a, ebit_sale, gp_at, cop_at, ope_be, ni_be, ebit_bev, netis_at, eqnetis_at, dbnetis_at, oaccruals_at, oaccruals_ni, taccruals_at, taccruals_ni, noa_at, opex_at, at_turnover, sale_bev, rd_sale, cash_at, sale_emp_gr1, emp_gr1, ni_inc8q, noa_gr1a, ppeinv_gr1a, lnoa_gr1a, capx_gr2, saleq_gr1, niq_be, niq_at, niq_be_chg1, niq_at_chg1, rd5_at, dsale_dinv, dsale_drec, dgp_dsale, dsale_dsga, saleq_su, niq_su, capex_abn, op_atl1, gp_atl1, ope_bel1, cop_atl1, pi_nix, ocf_at, op_at, ...]
Index: []
Empty DataFrame
Columns: [date, ret_eom, permno, shrcd, exchcd, mspread, year, month, size_port, rf, stock_exret, stock_ticker, cusip, comp_name, eps_medest, eps_meanest, eps_stdevest, eps_actual, prc, market_equity, div12m_me, chcsho_12m, eqnpo_12m, ret_1_0, ret_3_1, ret_6_1, ret_9_1, ret_12_1, ret_12_7, ret_60_12, seas_1_1an, seas_1_1na, seas_2_5an, seas_2_5na, at_gr1, sale_gr1, capx_gr1, inv_gr1, debt_gr3, sale_gr3, capx_gr3, inv_gr1a, lti_gr1a, sti_gr1a, coa_gr1a, col_gr1a, cowc_gr1a, ncoa_gr1a, ncol_gr1a, nncoa_gr1a, fnl_gr1a, nfna_gr1a, tax_gr1a, be_gr1a, ebit_sale, gp_at, cop_at, ope_be, ni_be, ebit_bev, netis_at, eqnetis_at, dbnetis_at, oaccruals_at, oaccruals_ni, taccruals_at, taccruals_ni, noa_at, opex_at, at_turnover, sale_bev, rd_sale, cash_at, sale_emp_gr1, emp_gr1, ni_inc8q, noa_gr1a, ppeinv_gr1a, lnoa_gr1a, capx_gr2, saleq_gr1, niq_be, niq_at, niq_be_chg1, niq_at_chg1, rd5_at, dsale_dinv, dsale_drec, dgp_dsale, dsale_dsga, saleq_su, niq_su, capex_abn, op_atl1, gp_atl1, ope_bel1, cop_atl1, pi_nix, ocf_at, op_at, ...]
Index: []
2024-10-01 10:27:16,239 - custom_utils - INFO - Loading data ...
2024-10-01 10:27:18,611 - custom_utils - INFO - Raw data          date   ret_eom  permno  shrcd  exchcd   mspread  year  month  ... corr_1260d  betabab_1260d  rmax5_rvol_21d  age       qmj  qmj_prof  qmj_growth  qmj_safety
0  2000-01-31  20000131   10078     11       3  0.017178  2000      1  ...   0.504688       1.581540        1.373224  180  1.700939  1.711756    1.476410    1.087626
1  2000-01-31  20000131   10104     11       3  0.019720  2000      1  ...   0.473872       1.941648        2.058353  180  0.828930  1.717670   -0.603531    0.608215
2  2000-01-31  20000131   10107     11       3  0.011369  2000      1  ...   0.563178       1.228124        1.899772  180  1.190962  1.682187   -0.583515    1.336684
3  2000-01-31  20000131   10108     11       1  0.010600  2000      1  ...   0.327841       0.952188        1.187073  180  1.332815  1.453165    0.210170    1.130917
4  2000-01-31  20000131   10119     11       1  0.003485  2000      1  ...   0.289368       0.457370        0.715285  228  0.785417 -0.381167    1.689625    0.331900
5  2000-01-31  20000131   10126     11       1  0.008690  2000      1  ...   0.369531       0.485083        1.294010  216  0.541742  0.315578   -0.323305    1.227120
6  2000-01-31  20000131   10137     11       1  0.007429  2000      1  ...   0.255220       0.295642        0.996607  888  0.639212  0.149994    0.719276    0.509340
7  2000-01-31  20000131   10138     11       3  0.016904  2000      1  ...   0.543539       1.523013        1.222404  180  1.668739  1.579503    1.168335    1.312634
8  2000-01-31  20000131   10145     11       1  0.008796  2000      1  ...   0.533192       1.091895        1.191058  888  1.431156  1.038128    1.163113    0.814517
9  2000-01-31  20000131   10147     11       1  0.014263  2000      1  ...   0.537630       1.586666        1.380360  180  1.459004  1.574665    0.593088    0.924081
10 2000-01-31  20000131   10182     11       3  0.020757  2000      1  ...   0.287040       1.334752        1.404321  168 -0.689687 -1.009097   -0.023932    0.065739
11 2000-01-31  20000131   10225     11       1  0.011421  2000      1  ...   0.413339       0.724651        0.824453  888 -0.741033  0.337620   -0.843725   -0.569734
12 2000-01-31  20000131   10272     11       3  0.020236  2000      1  ...   0.280178       1.430841        1.604459  180  0.500839  1.163392    0.787157   -0.810241
13 2000-01-31  20000131   10299     11       3  0.021945  2000      1  ...   0.503261       1.908766        1.232601  180  1.391123  1.664446   -0.067446    1.317444
14 2000-01-31  20000131   10302     11       1  0.016113  2000      1  ...   0.349355       1.368937        1.545759  180 -0.556536  1.066084   -1.016038   -0.758933
15 2000-01-31  20000131   10324     11       3  0.014649  2000      1  ...   0.389069       1.426840        2.008119  168       NaN  1.005872         NaN   -0.016568
16 2000-01-31  20000131   10342     11       3  0.004685  2000      1  ...        NaN            NaN             NaN  312  1.045627  1.557461    0.828060   -0.220732
17 2000-01-31  20000131   10353     11       3  0.018446  2000      1  ...   0.388135       1.474835        0.914650  168  0.244110  1.587030   -0.506061   -0.366640
18 2000-01-31  20000131   10375     11       1  0.008790  2000      1  ...   0.572317       0.871686        1.211388  168  0.506931  0.746205    0.769752   -0.364502
19 2000-01-31  20000131   10401     11       1  0.009081  2000      1  ...   0.384850       0.894463        0.589011  888 -0.257164  0.567180   -0.831541    0.099410

[20 rows x 165 columns]
2024-10-01 10:27:19,213 - custom_utils - INFO - Data          date   ret_eom  permno  shrcd  exchcd   mspread  year  month  ... corr_1260d  betabab_1260d  rmax5_rvol_21d       age       qmj  qmj_prof  qmj_growth  qmj_safety
0  2000-01-31  20000131   10078     11       3  0.017178  2000      1  ...   0.504688   1.349764e+00        1.373224 -0.426200  1.700939  1.711756    1.476410    1.087626
1  2000-01-31  20000131   10104     11       3  0.019720  2000      1  ...   0.473872   1.709701e+00        2.058353 -0.426200  0.828930  1.717670   -0.603531    0.608215
2  2000-01-31  20000131   10107     11       3  0.011369  2000      1  ...   0.563178   2.699528e-01        1.899772 -0.426200  1.190962  1.682187   -0.583515    1.336684
3  2000-01-31  20000131   10108     11       1  0.010600  2000      1  ...   0.327841  -3.599370e-01        1.187073 -0.426200  1.332815  1.453165    0.210170    1.130917
4  2000-01-31  20000131   10119     11       1  0.003485  2000      1  ...   0.289368  -1.529732e+00        0.715285  0.576624  0.785417 -0.381167    1.689625    0.331900
5  2000-01-31  20000131   10126     11       1  0.008690  2000      1  ...   0.369531  -1.439748e+00        1.294010  0.075212  0.541742  0.315578   -0.323305    1.227120
6  2000-01-31  20000131   10137     11       1  0.007429  2000      1  ...   0.255220  -1.709701e+00        0.996607  1.579448  0.639212  0.149994    0.719276    0.509340
7  2000-01-31  20000131   10138     11       3  0.016904  2000      1  ...   0.543539   1.259780e+00        1.222404 -0.426200  1.668739  1.579503    1.168335    1.312634
8  2000-01-31  20000131   10145     11       1  0.008796  2000      1  ...   0.533192   9.490746e-18        1.191058  1.579448  1.431156  1.038128    1.163113    0.814517
9  2000-01-31  20000131   10147     11       1  0.014263  2000      1  ...   0.537630   1.439748e+00        1.380360 -0.426200  1.459004  1.574665    0.593088    0.924081
10 2000-01-31  20000131   10182     11       3  0.020757  2000      1  ...   0.287040   3.599370e-01        1.404321 -0.927613 -0.689687 -1.009097   -0.023932    0.065739
11 2000-01-31  20000131   10225     11       1  0.011421  2000      1  ...   0.413339  -9.898268e-01        0.824453  1.579448 -0.741033  0.337620   -0.843725   -0.569734
12 2000-01-31  20000131   10272     11       3  0.020236  2000      1  ...   0.280178   8.998425e-01        1.604459 -0.426200  0.500839  1.163392    0.787157   -0.810241
13 2000-01-31  20000131   10299     11       3  0.021945  2000      1  ...   0.503261   1.619717e+00        1.232601 -0.426200  1.391123  1.664446   -0.067446    1.317444
14 2000-01-31  20000131   10302     11       1  0.016113  2000      1  ...   0.349355   5.399055e-01        1.545759 -0.426200 -0.556536  1.066084   -1.016038   -0.758933
15 2000-01-31  20000131   10324     11       3  0.014649  2000      1  ...   0.389069   8.098583e-01        2.008119 -0.927613       NaN  1.005872         NaN   -0.016568
16 2000-01-31  20000131   10342     11       3  0.004685  2000      1  ...        NaN   9.490746e-18             NaN  1.078036  1.045627  1.557461    0.828060   -0.220732
17 2000-01-31  20000131   10353     11       3  0.018446  2000      1  ...   0.388135   1.079811e+00        0.914650 -0.927613  0.244110  1.587030   -0.506061   -0.366640
18 2000-01-31  20000131   10375     11       1  0.008790  2000      1  ...   0.572317  -5.399055e-01        1.211388 -0.927613  0.506931  0.746205    0.769752   -0.364502
19 2000-01-31  20000131   10401     11       1  0.009081  2000      1  ...   0.384850  -4.499213e-01        0.589011  1.579448 -0.257164  0.567180   -0.831541    0.099410
20 2000-01-31  20000131   10410     11       3  0.015156  2000      1  ...   0.282320  -8.998425e-01        1.438789 -0.426200  1.623485  1.391877    0.909865    1.468162
21 2000-01-31  20000131   10516     11       1  0.007508  2000      1  ...   0.297817  -1.259780e+00        1.690902  1.579448 -0.400758 -0.322029   -0.440791    0.342589
22 2000-01-31  20000131   10545     11       2  0.012244  2000      1  ...   0.432705  -2.699528e-01        1.100803 -0.426200 -0.573942  0.453744   -0.616585   -0.573476
23 2000-01-31  20000131   10562     11       3  0.013653  2000      1  ...   0.396412  -8.998425e-02        1.017632 -0.927613 -1.032573 -0.569331   -0.314602   -0.947598
24 2000-01-31  20000131   10564     11       3  0.007605  2000      1  ...   0.254644  -1.079811e+00        1.126112 -0.927613 -1.204886 -0.397295   -0.359856   -1.512522
25 2000-01-31  20000131   10594     11       1  0.009311  2000      1  ...   0.589767   8.998425e-02        0.574450 -0.927613  0.180581  0.436003    0.786287   -0.583096
26 2000-01-31  20000131   10604     11       1  0.010284  2000      1  ...   0.308556  -1.169795e+00        1.116448  1.579448 -0.385964 -0.067201   -0.358986    0.025654
27 2000-01-31  20000131   10691     11       3  0.016369  2000      1  ...   0.427305   1.529732e+00        1.224319 -0.426200 -0.394667  1.009635   -1.206627   -0.213784
28 2000-01-31  20000131   10693     11       1  0.017116  2000      1  ...   0.392889   9.898268e-01        1.128383 -0.426200 -0.096165  0.208056    0.836763   -0.903772
29 2000-01-31  20000131   10696     11       3  0.018954  2000      1  ...   0.428091   4.499213e-01        0.876871 -0.426200 -0.467769 -0.406972    0.450364   -0.592182
30 2000-01-31  20000131   10725     11       1  0.013611  2000      1  ...   0.561036   1.799685e-01        1.041720 -1.429025 -0.654877  0.222571   -0.062224   -1.063575
31 2000-01-31  20000131   10786     11       1  0.012334  2000      1  ...   0.324877  -1.799685e-01        1.778027  1.579448 -0.873314 -1.026301    0.378131   -0.743968
32 2000-01-31  20000131   10791     11       1  0.013501  2000      1  ...   0.313793   6.298898e-01        1.461908 -0.927613 -0.761049  0.605888   -1.388513   -0.330296
33 2000-01-31  20000131   10874     11       1  0.008732  2000      1  ...   0.374963  -7.198740e-01        1.488418  1.579448  0.577423  1.014473    0.073538    0.195612
34 2000-01-31  20000131   10890     11       1  0.014211  2000      1  ...   0.405330   7.198740e-01        1.329397  1.579448  0.688817  1.284355    1.008205   -0.814517
35 2000-01-31  20000131   10906     11       3  0.006490  2000      1  ...   0.480426  -6.298898e-01        0.789318 -0.927613  0.396407  0.330094    0.885498   -0.238904
36 2000-01-31  20000131   10932     11       3  0.006392  2000      1  ...   0.461843  -8.098583e-01        1.434604 -0.927613 -0.125754  0.049460    0.226705   -0.196681
37 2000-01-31  20000131   10933     11       1  0.005062  2000      1  ...   0.275832  -1.619717e+00        1.974692 -0.426200 -0.091813 -0.897274   -0.041338    1.090298
38 2000-01-31  20000131   10942     11       3  0.015793  2000      1  ...   0.488068   1.169795e+00        1.672588 -0.426200       NaN  1.515528         NaN   -0.850860
39 2000-01-31  20000131   10989     11       1  0.010423  2000      1  ...   0.312205  -1.349764e+00        0.742028  1.579448  1.327594  1.557999    1.373718   -0.146977

[40 rows x 165 columns]
Empty DataFrame
Columns: [date, ret_eom, permno, shrcd, exchcd, mspread, year, month, size_port, rf, stock_exret, stock_ticker, cusip, comp_name, eps_medest, eps_meanest, eps_stdevest, eps_actual, prc, market_equity, div12m_me, chcsho_12m, eqnpo_12m, ret_1_0, ret_3_1, ret_6_1, ret_9_1, ret_12_1, ret_12_7, ret_60_12, seas_1_1an, seas_1_1na, seas_2_5an, seas_2_5na, at_gr1, sale_gr1, capx_gr1, inv_gr1, debt_gr3, sale_gr3, capx_gr3, inv_gr1a, lti_gr1a, sti_gr1a, coa_gr1a, col_gr1a, cowc_gr1a, ncoa_gr1a, ncol_gr1a, nncoa_gr1a, fnl_gr1a, nfna_gr1a, tax_gr1a, be_gr1a, ebit_sale, gp_at, cop_at, ope_be, ni_be, ebit_bev, netis_at, eqnetis_at, dbnetis_at, oaccruals_at, oaccruals_ni, taccruals_at, taccruals_ni, noa_at, opex_at, at_turnover, sale_bev, rd_sale, cash_at, sale_emp_gr1, emp_gr1, ni_inc8q, noa_gr1a, ppeinv_gr1a, lnoa_gr1a, capx_gr2, saleq_gr1, niq_be, niq_at, niq_be_chg1, niq_at_chg1, rd5_at, dsale_dinv, dsale_drec, dgp_dsale, dsale_dsga, saleq_su, niq_su, capex_abn, op_atl1, gp_atl1, ope_bel1, cop_atl1, pi_nix, ocf_at, op_at, ...]
Index: []
Empty DataFrame
Columns: [date, ret_eom, permno, shrcd, exchcd, mspread, year, month, size_port, rf, stock_exret, stock_ticker, cusip, comp_name, eps_medest, eps_meanest, eps_stdevest, eps_actual, prc, market_equity, div12m_me, chcsho_12m, eqnpo_12m, ret_1_0, ret_3_1, ret_6_1, ret_9_1, ret_12_1, ret_12_7, ret_60_12, seas_1_1an, seas_1_1na, seas_2_5an, seas_2_5na, at_gr1, sale_gr1, capx_gr1, inv_gr1, debt_gr3, sale_gr3, capx_gr3, inv_gr1a, lti_gr1a, sti_gr1a, coa_gr1a, col_gr1a, cowc_gr1a, ncoa_gr1a, ncol_gr1a, nncoa_gr1a, fnl_gr1a, nfna_gr1a, tax_gr1a, be_gr1a, ebit_sale, gp_at, cop_at, ope_be, ni_be, ebit_bev, netis_at, eqnetis_at, dbnetis_at, oaccruals_at, oaccruals_ni, taccruals_at, taccruals_ni, noa_at, opex_at, at_turnover, sale_bev, rd_sale, cash_at, sale_emp_gr1, emp_gr1, ni_inc8q, noa_gr1a, ppeinv_gr1a, lnoa_gr1a, capx_gr2, saleq_gr1, niq_be, niq_at, niq_be_chg1, niq_at_chg1, rd5_at, dsale_dinv, dsale_drec, dgp_dsale, dsale_dsga, saleq_su, niq_su, capex_abn, op_atl1, gp_atl1, ope_bel1, cop_atl1, pi_nix, ocf_at, op_at, ...]
Index: []
2024-10-01 10:27:31,393 - custom_utils - INFO - Loading data ...
2024-10-01 10:29:43,294 - custom_utils - INFO - Loading data ...
2024-10-01 10:30:50,266 - custom_utils - INFO - Loading data ...
2024-10-01 10:32:21,962 - custom_utils - INFO - Loading data ...
2024-10-01 10:35:17,635 - custom_utils - INFO - Loading data ...
2024-10-01 10:38:36,199 - custom_utils - INFO - Loading data ...
2024-10-01 10:39:18,366 - custom_utils - INFO - Loading data ...
2024-10-01 10:40:04,045 - custom_utils - INFO - Loading data ...
2024-10-01 12:42:08,278 - custom_utils - INFO - Loading data ...
2024-10-01 12:45:45,391 - custom_utils - INFO - Loading data ...
